C:\USERS\TR\DESKTOP\THU\HTMLRESOLUTION\STAGE5\SRC\MUSIC\RELEASE\STACK.OBJ
C:\USERS\TR\DESKTOP\THU\HTMLRESOLUTION\STAGE5\SRC\MUSIC\RELEASE\SEARCH.OBJ
C:\USERS\TR\DESKTOP\THU\HTMLRESOLUTION\STAGE5\SRC\MUSIC\RELEASE\RECOMMEND.OBJ
C:\USERS\TR\DESKTOP\THU\HTMLRESOLUTION\STAGE5\SRC\MUSIC\RELEASE\MAIN.OBJ
C:\USERS\TR\DESKTOP\THU\HTMLRESOLUTION\STAGE5\SRC\MUSIC\RELEASE\LOADFROMHTML.OBJ
C:\USERS\TR\DESKTOP\THU\HTMLRESOLUTION\STAGE5\SRC\MUSIC\RELEASE\INVERTEDINDEX.OBJ
C:\USERS\TR\DESKTOP\THU\HTMLRESOLUTION\STAGE5\SRC\MUSIC\RELEASE\DOCLINK.OBJ
C:\USERS\TR\DESKTOP\THU\HTMLRESOLUTION\STAGE5\SRC\MUSIC\RELEASE\CHARSTRINGLINK.OBJ
C:\USERS\TR\DESKTOP\THU\HTMLRESOLUTION\STAGE5\SRC\MUSIC\RELEASE\CHARSTRING.OBJ
C:\USERS\TR\DESKTOP\THU\HTMLRESOLUTION\STAGE5\SRC\MUSIC\RELEASE\BTREE.OBJ
C:\USERS\TR\DESKTOP\THU\HTMLRESOLUTION\STAGE5\SRC\MUSIC\RELEASE\VC110.PDB
C:\USERS\TR\DESKTOP\THU\HTMLRESOLUTION\STAGE5\SRC\RELEASE\MUSIC.EXE
C:\USERS\TR\DESKTOP\THU\HTMLRESOLUTION\STAGE5\SRC\RELEASE\MUSIC.PDB
C:\Users\TR\Desktop\THU\htmlResolution\stage5\src\music\Release\BTree.obj
C:\Users\TR\Desktop\THU\htmlResolution\stage5\src\music\Release\CharString.obj
C:\Users\TR\Desktop\THU\htmlResolution\stage5\src\music\Release\CharStringLink.obj
C:\Users\TR\Desktop\THU\htmlResolution\stage5\src\music\Release\DocLink.obj
C:\Users\TR\Desktop\THU\htmlResolution\stage5\src\music\Release\invertedIndex.obj
C:\Users\TR\Desktop\THU\htmlResolution\stage5\src\music\Release\loadFromHtml.obj
C:\Users\TR\Desktop\THU\htmlResolution\stage5\src\music\Release\main.obj
C:\Users\TR\Desktop\THU\htmlResolution\stage5\src\music\Release\recommend.obj
C:\Users\TR\Desktop\THU\htmlResolution\stage5\src\music\Release\search.obj
C:\Users\TR\Desktop\THU\htmlResolution\stage5\src\music\Release\stack.obj
C:\Users\TR\Desktop\THU\htmlResolution\stage5\src\music\Release\cl.command.1.tlog
C:\Users\TR\Desktop\THU\htmlResolution\stage5\src\music\Release\CL.read.1.tlog
C:\Users\TR\Desktop\THU\htmlResolution\stage5\src\music\Release\CL.write.1.tlog
C:\Users\TR\Desktop\THU\htmlResolution\stage5\src\music\Release\link-cvtres.read.1.tlog
C:\Users\TR\Desktop\THU\htmlResolution\stage5\src\music\Release\link-cvtres.write.1.tlog
C:\Users\TR\Desktop\THU\htmlResolution\stage5\src\music\Release\link-rc.read.1.tlog
C:\Users\TR\Desktop\THU\htmlResolution\stage5\src\music\Release\link-rc.write.1.tlog
C:\Users\TR\Desktop\THU\htmlResolution\stage5\src\music\Release\link.command.1.tlog
C:\Users\TR\Desktop\THU\htmlResolution\stage5\src\music\Release\link.read.1.tlog
C:\Users\TR\Desktop\THU\htmlResolution\stage5\src\music\Release\link.write.1.tlog
C:\Users\TR\Desktop\THU\htmlResolution\stage5\src\music\Release\vc110.pdb
C:\Users\TR\Desktop\THU\htmlResolution\stage5\src\Release\music.pdb
C:\Users\TR\Desktop\THU\htmlResolution\stage5\src\Release\music.exe
